<?xml version="1.0" encoding="UTF-8"?>
<!-- Generated by org.testng.reporters.JUnitReportReporter -->
<testsuite hostname="D885319-W10" failures="0" tests="1" name="testStream" time="0.013" errors="0" timestamp="11 Sep 2021 15:47:03 GMT">
  <testcase classname="testStream" name="Assignment" time="0.013"/>
</testsuite> <!-- testStream -->
