<?xml version="1.0" encoding="UTF-8"?>
<!-- Generated by org.testng.reporters.JUnitReportReporter -->
<testsuite hostname="D885319-W10" failures="0" tests="1" name="testCases.LoginApplication" time="9.499" errors="0" timestamp="2021-09-25T12:46:57 IST" skipped="0">
  <testcase classname="testCases.LoginApplication" name="Login" time="9.499"/>
  <system-out/>
</testsuite> <!-- testCases.LoginApplication -->
