<?xml version="1.0" encoding="UTF-8"?>
<!-- Generated by org.testng.reporters.JUnitReportReporter -->
<testsuite hostname="D885319-W10" failures="0" tests="6" name="test.day3" time="0.011" errors="0" timestamp="2021-09-17T14:11:21 IST" skipped="0">
  <testcase classname="test.day3" name="mobileLogin_homeLoan" time="0.002"/>
  <system-out/>
  <testcase classname="test.day3" name="mobileLogin" time="0.002"/>
  <system-out/>
  <testcase classname="test.day3" name="webLogin_homeLoan" time="0.001"/>
  <system-out/>
  <testcase classname="test.day3" name="mobileLogin" time="0.002"/>
  <system-out/>
  <testcase classname="test.day3" name="loginAPI_homeLoan" time="0.002"/>
  <system-out/>
  <testcase classname="test.day3" name="mobileLogin" time="0.002"/>
  <system-out/>
</testsuite> <!-- test.day3 -->
