<?xml version="1.0" encoding="UTF-8"?>
<!-- Generated by org.testng.reporters.JUnitReportReporter -->
<testsuite hostname="D885319-W10" failures="0" tests="1" name="test.Bsics" time="0.004" errors="0" timestamp="2021-09-17T14:11:21 IST" skipped="0">
  <testcase classname="test.Bsics" name="Demo" time="0.004"/>
  <system-out/>
</testsuite> <!-- test.Bsics -->
