<?xml version="1.0" encoding="UTF-8"?>
<!-- Generated by org.testng.reporters.JUnitReportReporter -->
<testsuite hostname="D885319-W10" failures="0" tests="3" name="test.day2" time="0.012" errors="0" timestamp="2021-09-17T14:11:21 IST" skipped="0">
  <testcase classname="test.day2" name="loginAPI_carLoan" time="0.002"/>
  <system-out/>
  <testcase classname="test.day2" name="mobileLogin_carLoan" time="0.007"/>
  <system-out/>
  <testcase classname="test.day2" name="webLogin_carLoan" time="0.003"/>
  <system-out/>
</testsuite> <!-- test.day2 -->
