<?xml version="1.0" encoding="UTF-8"?>
<!-- Generated by org.testng.reporters.JUnitReportReporter -->
<testsuite skipped="0" hostname="D885319-W10" name="ScratchFramework.AppTest" tests="1" failures="0" timestamp="2021-09-26T21:21:30 IST" time="0.007" errors="0">
  <testcase name="shouldAnswerWithTrue" time="0.007" classname="ScratchFramework.AppTest"/>
  <system-out/>
</testsuite> <!-- ScratchFramework.AppTest -->
