<?xml version="1.0" encoding="UTF-8"?>
<!-- Generated by org.testng.reporters.JUnitReportReporter -->
<testsuite skipped="0" hostname="D885319-W10" name="ScratchFramework.HomePageTest" tests="2" failures="0" timestamp="2021-09-26T21:21:30 IST" time="37.800" errors="0">
  <testcase name="basePageNavigation" time="27.442" classname="ScratchFramework.HomePageTest"/>
  <system-out/>
  <testcase name="basePageNavigation" time="10.358" classname="ScratchFramework.HomePageTest"/>
  <system-out/>
</testsuite> <!-- ScratchFramework.HomePageTest -->
