<?xml version="1.0" encoding="UTF-8"?>
<!-- Generated by org.testng.reporters.JUnitReportReporter -->
<testsuite hostname="D885319-W10" failures="0" tests="1" name="ScratchFramework.validateFooterNavBar" time="0.090" errors="0" timestamp="2021-09-26T14:13:21 IST" skipped="0">
  <testcase classname="ScratchFramework.validateFooterNavBar" name="basePageNavigation" time="0.090"/>
  <system-out/>
</testsuite> <!-- ScratchFramework.validateFooterNavBar -->
