<?xml version="1.0" encoding="UTF-8"?>
<!-- Generated by org.testng.reporters.JUnitReportReporter -->
<testsuite skipped="0" hostname="D885319-W10" name="ScratchFramework.validateFooterNavBarTest" tests="1" failures="0" timestamp="2021-09-26T21:21:30 IST" time="0.126" errors="0">
  <testcase name="basePageNavigation" time="0.126" classname="ScratchFramework.validateFooterNavBarTest"/>
  <system-out/>
</testsuite> <!-- ScratchFramework.validateFooterNavBarTest -->
