<?xml version="1.0" encoding="UTF-8"?>
<!-- Generated by org.testng.reporters.JUnitReportReporter -->
<testsuite hostname="D885319-W10" failures="0" tests="2" name="qaclickacademy.Mavenjava.RESTApiTest" time="0.006" errors="0" timestamp="18 Sep 2021 09:34:13 GMT">
  <testcase classname="qaclickacademy.Mavenjava.RESTApiTest" name="deleteSocialMedia" time="0.006"/>
  <testcase classname="qaclickacademy.Mavenjava.RESTApiTest" name="postJira" time="0.000"/>
</testsuite> <!-- qaclickacademy.Mavenjava.RESTApiTest -->
