<?xml version="1.0" encoding="UTF-8"?>
<!-- Generated by org.testng.reporters.JUnitReportReporter -->
<testsuite hostname="D885319-W10" failures="0" tests="2" name="qaclickacademy.Mavenjava.SeleniumTest" time="0.004" errors="0" timestamp="18 Sep 2021 09:15:18 GMT">
  <testcase classname="qaclickacademy.Mavenjava.SeleniumTest" name="UiAutomation" time="0.000"/>
  <testcase classname="qaclickacademy.Mavenjava.SeleniumTest" name="BrowserAutomation" time="0.004"/>
</testsuite> <!-- qaclickacademy.Mavenjava.SeleniumTest -->
