<?xml version="1.0" encoding="UTF-8"?>
<!-- Generated by org.testng.reporters.JUnitReportReporter -->
<testsuite hostname="D885319-W10" failures="0" tests="2" name="qaclickacademy.Mavenjava.AppiumTest" time="0.001" errors="0" timestamp="18 Sep 2021 09:34:13 GMT">
  <testcase classname="qaclickacademy.Mavenjava.AppiumTest" name="IOSApps" time="0.001"/>
  <testcase classname="qaclickacademy.Mavenjava.AppiumTest" name="nativeAppAndroid" time="0.000"/>
</testsuite> <!-- qaclickacademy.Mavenjava.AppiumTest -->
