<?xml version="1.0" encoding="UTF-8"?>
<!-- Generated by org.testng.reporters.JUnitReportReporter -->
<testsuite hostname="D885319-W10" failures="0" tests="1" name="ScratchFramework.validateFooterNavBarTest" time="0.125" errors="0" timestamp="2021-09-26T19:16:14 IST" skipped="0">
  <testcase classname="ScratchFramework.validateFooterNavBarTest" name="basePageNavigation" time="0.125"/>
  <system-out/>
</testsuite> <!-- ScratchFramework.validateFooterNavBarTest -->
