<?xml version="1.0" encoding="UTF-8"?>
<!-- Generated by org.testng.reporters.JUnitReportReporter -->
<testsuite hostname="D885319-W10" failures="0" tests="2" name="ScratchFramework.HomePage" time="16.628" errors="0" timestamp="2021-09-26T14:13:21 IST" skipped="0">
  <testcase classname="ScratchFramework.HomePage" name="basePageNavigation" time="7.371"/>
  <system-out/>
  <testcase classname="ScratchFramework.HomePage" name="basePageNavigation" time="9.257"/>
  <system-out/>
</testsuite> <!-- ScratchFramework.HomePage -->
