<?xml version="1.0" encoding="UTF-8"?>
<!-- Generated by org.testng.reporters.JUnitReportReporter -->
<testsuite hostname="D885319-W10" failures="0" tests="2" name="cucumberOptions.TestRunner" time="30.244" errors="0" timestamp="2021-10-01T23:21:42 IST" skipped="0">
  <testcase classname="cucumberOptions.TestRunner" name="runScenario" time="16.589"/>
  <system-out/>
  <testcase classname="cucumberOptions.TestRunner" name="runScenario" time="13.655"/>
  <system-out/>
</testsuite> <!-- cucumberOptions.TestRunner -->
