<?xml version="1.0" encoding="UTF-8"?>
<!-- Generated by org.testng.reporters.JUnitReportReporter -->
<testsuite hostname="D885319-W10" failures="0" tests="1" name="Test.ExtentReports.extentReportDemo" time="8.865" errors="0" timestamp="2021-09-18T21:12:56 IST" skipped="0">
  <testcase classname="Test.ExtentReports.extentReportDemo" name="initialDemo" time="8.865"/>
  <system-out/>
</testsuite> <!-- Test.ExtentReports.extentReportDemo -->
